Started GET "/" for 127.0.0.1 at 2025-08-29 08:32:49 +0000
  [1m[35m (7.2ms)[0m  [1m[35mCREATE TABLE "schema_migrations" ("version" varchar NOT NULL PRIMARY KEY) /*application='Recboxhome'*/[0m
  [1m[35m (0.2ms)[0m  [1m[35mCREATE TABLE "ar_internal_metadata" ("key" varchar NOT NULL PRIMARY KEY, "value" varchar, "created_at" datetime(6) NOT NULL, "updated_at" datetime(6) NOT NULL) /*application='Recboxhome'*/[0m
  [1m[36mActiveRecord::SchemaMigration Load (0.2ms)[0m  [1m[34mSELECT "schema_migrations"."version" FROM "schema_migrations" ORDER BY "schema_migrations"."version" ASC /*application='Recboxhome'*/[0m
Processing by Rails::WelcomeController#index as HTML
  Rendering /home/student/.rbenv/versions/3.4.5/lib/ruby/gems/3.4.0/gems/railties-8.0.2.1/lib/rails/templates/rails/welcome/index.html.erb
  Rendered /home/student/.rbenv/versions/3.4.5/lib/ruby/gems/3.4.0/gems/railties-8.0.2.1/lib/rails/templates/rails/welcome/index.html.erb (Duration: 1.5ms | GC: 0.0ms)
Completed 200 OK in 127ms (Views: 20.9ms | ActiveRecord: 0.0ms (0 queries, 0 cached) | GC: 0.0ms)


Started GET "/" for 127.0.0.1 at 2025-08-29 08:36:49 +0000
Processing by HomeController#index as HTML
  Rendering layout layouts/application.html.erb
  Rendering home/index.html.erb within layouts/application
  Rendered home/index.html.erb within layouts/application (Duration: 0.4ms | GC: 0.0ms)
  Rendered layout layouts/application.html.erb (Duration: 46.3ms | GC: 20.0ms)
Completed 200 OK in 156ms (Views: 47.9ms | ActiveRecord: 0.0ms (0 queries, 0 cached) | GC: 20.0ms)


Started GET "/assets/application-8b441ae0.css" for 127.0.0.1 at 2025-08-29 08:36:49 +0000
Started GET "/assets/application-bfcdf840.js" for 127.0.0.1 at 2025-08-29 08:36:49 +0000
Started GET "/assets/turbo.min-3a2e143f.js" for 127.0.0.1 at 2025-08-29 08:36:49 +0000
Started GET "/" for 127.0.0.1 at 2025-08-29 08:41:38 +0000
Processing by HomeController#index as HTML
  Rendering layout layouts/application.html.erb
  Rendering home/index.html.erb within layouts/application
  Rendered home/index.html.erb within layouts/application (Duration: 0.4ms | GC: 0.0ms)
  Rendered layout layouts/application.html.erb (Duration: 33.7ms | GC: 0.3ms)
Completed 200 OK in 48ms (Views: 38.3ms | ActiveRecord: 0.0ms (0 queries, 0 cached) | GC: 1.6ms)


Started GET "/about" for 127.0.0.1 at 2025-08-29 08:41:45 +0000
Processing by AboutController#index as HTML
  Rendering layout layouts/application.html.erb
  Rendering about/index.html.erb within layouts/application
  Rendered about/index.html.erb within layouts/application (Duration: 0.4ms | GC: 0.0ms)
  Rendered layout layouts/application.html.erb (Duration: 2.0ms | GC: 0.0ms)
Completed 200 OK in 15ms (Views: 2.8ms | ActiveRecord: 0.0ms (0 queries, 0 cached) | GC: 0.0ms)


Started GET "/about" for 127.0.0.1 at 2025-08-29 08:41:49 +0000
Processing by AboutController#index as HTML
  Rendering layout layouts/application.html.erb
  Rendering about/index.html.erb within layouts/application
  Rendered about/index.html.erb within layouts/application (Duration: 0.1ms | GC: 0.0ms)
  Rendered layout layouts/application.html.erb (Duration: 1.6ms | GC: 0.0ms)
Completed 200 OK in 12ms (Views: 2.1ms | ActiveRecord: 0.0ms (0 queries, 0 cached) | GC: 0.0ms)


  [1m[36mActiveRecord::InternalMetadata Load (0.1ms)[0m  [1m[34mSELECT * FROM "ar_internal_metadata" WHERE "ar_internal_metadata"."key" = 'environment' ORDER BY "ar_internal_metadata"."key" ASC LIMIT 1 /*application='Recboxhome'*/[0m
  [1m[36mActiveRecord::InternalMetadata Create (5.6ms)[0m  [1m[32mINSERT INTO "ar_internal_metadata" ("key", "value", "created_at", "updated_at") VALUES ('environment', 'development', '2025-08-29 08:58:23.138870', '2025-08-29 08:58:23.138873') RETURNING "key" /*application='Recboxhome'*/[0m
  [1m[36mActiveRecord::SchemaMigration Load (0.1ms)[0m  [1m[34mSELECT "schema_migrations"."version" FROM "schema_migrations" ORDER BY "schema_migrations"."version" ASC /*application='Recboxhome'*/[0m
Migrating to CreateUsers (20250829085325)
  [1m[36mTRANSACTION (0.0ms)[0m  [1m[35mBEGIN immediate TRANSACTION /*application='Recboxhome'*/[0m
  [1m[35m (1.2ms)[0m  [1m[35mCREATE TABLE "users" ("id" integer PRIMARY KEY AUTOINCREMENT NOT NULL, "fname" varchar NOT NULL, "lname" varchar NOT NULL, "email" varchar NOT NULL, "password_digest" varchar NOT NULL, "is_admin" boolean DEFAULT 0, "status" varchar NOT NULL, "created_at" datetime(6) NOT NULL, "updated_at" datetime(6) NOT NULL) /*application='Recboxhome'*/[0m
  [1m[35m (0.1ms)[0m  [1m[35mCREATE UNIQUE INDEX "index_users_on_email" ON "users" ("email") /*application='Recboxhome'*/[0m
  [1m[36mActiveRecord::SchemaMigration Create (0.2ms)[0m  [1m[32mINSERT INTO "schema_migrations" ("version") VALUES ('20250829085325') RETURNING "version" /*application='Recboxhome'*/[0m
  [1m[36mTRANSACTION (0.1ms)[0m  [1m[35mCOMMIT TRANSACTION /*application='Recboxhome'*/[0m
  [1m[36mActiveRecord::SchemaMigration Load (0.0ms)[0m  [1m[34mSELECT "schema_migrations"."version" FROM "schema_migrations" ORDER BY "schema_migrations"."version" ASC /*application='Recboxhome'*/[0m
  [1m[36mActiveRecord::InternalMetadata Load (0.2ms)[0m  [1m[34mSELECT * FROM "ar_internal_metadata" WHERE "ar_internal_metadata"."key" = 'environment' ORDER BY "ar_internal_metadata"."key" ASC LIMIT 1 /*application='Recboxhome'*/[0m
  [1m[36mActiveRecord::SchemaMigration Load (0.1ms)[0m  [1m[34mSELECT "schema_migrations"."version" FROM "schema_migrations" ORDER BY "schema_migrations"."version" ASC /*application='Recboxhome'*/[0m
Migrating to CreateRecipes (20250829090401)
  [1m[36mTRANSACTION (0.1ms)[0m  [1m[35mBEGIN immediate TRANSACTION /*application='Recboxhome'*/[0m
  [1m[35m (1.3ms)[0m  [1m[35mCREATE TABLE "recipes" ("id" integer PRIMARY KEY AUTOINCREMENT NOT NULL, "title" varchar NOT NULL, "description" text NOT NULL, "instructions" text NOT NULL, "is_public" boolean DEFAULT 1, "user_id" integer NOT NULL, "created_at" datetime(6) NOT NULL, "updated_at" datetime(6) NOT NULL, CONSTRAINT "fk_rails_9606fce865"
FOREIGN KEY ("user_id")
  REFERENCES "users" ("id")
) /*application='Recboxhome'*/[0m
  [1m[35m (0.1ms)[0m  [1m[35mCREATE INDEX "index_recipes_on_user_id" ON "recipes" ("user_id") /*application='Recboxhome'*/[0m
  [1m[36mActiveRecord::SchemaMigration Create (0.2ms)[0m  [1m[32mINSERT INTO "schema_migrations" ("version") VALUES ('20250829090401') RETURNING "version" /*application='Recboxhome'*/[0m
  [1m[36mTRANSACTION (5.5ms)[0m  [1m[35mCOMMIT TRANSACTION /*application='Recboxhome'*/[0m
  [1m[36mActiveRecord::SchemaMigration Load (0.1ms)[0m  [1m[34mSELECT "schema_migrations"."version" FROM "schema_migrations" ORDER BY "schema_migrations"."version" ASC /*application='Recboxhome'*/[0m
  [1m[36mActiveRecord::InternalMetadata Load (0.1ms)[0m  [1m[34mSELECT * FROM "ar_internal_metadata" WHERE "ar_internal_metadata"."key" = 'environment' ORDER BY "ar_internal_metadata"."key" ASC LIMIT 1 /*application='Recboxhome'*/[0m
  [1m[36mActiveRecord::SchemaMigration Load (0.1ms)[0m  [1m[34mSELECT "schema_migrations"."version" FROM "schema_migrations" ORDER BY "schema_migrations"."version" ASC /*application='Recboxhome'*/[0m
Migrating to CreateIngredients (20250829091349)
  [1m[36mTRANSACTION (0.1ms)[0m  [1m[35mBEGIN immediate TRANSACTION /*application='Recboxhome'*/[0m
  [1m[35m (1.2ms)[0m  [1m[35mCREATE TABLE "ingredients" ("id" integer PRIMARY KEY AUTOINCREMENT NOT NULL, "ingr_name" varchar NOT NULL, "test_field1" datetime(6) NOT NULL, "test_field2" varchar, "test_field3" varchar, "created_at" datetime(6) NOT NULL, "updated_at" datetime(6) NOT NULL) /*application='Recboxhome'*/[0m
  [1m[36mActiveRecord::SchemaMigration Create (0.1ms)[0m  [1m[32mINSERT INTO "schema_migrations" ("version") VALUES ('20250829091349') RETURNING "version" /*application='Recboxhome'*/[0m
  [1m[36mTRANSACTION (6.0ms)[0m  [1m[35mCOMMIT TRANSACTION /*application='Recboxhome'*/[0m
  [1m[36mActiveRecord::SchemaMigration Load (0.1ms)[0m  [1m[34mSELECT "schema_migrations"."version" FROM "schema_migrations" ORDER BY "schema_migrations"."version" ASC /*application='Recboxhome'*/[0m
  [1m[36mActiveRecord::InternalMetadata Load (0.1ms)[0m  [1m[34mSELECT * FROM "ar_internal_metadata" WHERE "ar_internal_metadata"."key" = 'environment' ORDER BY "ar_internal_metadata"."key" ASC LIMIT 1 /*application='Recboxhome'*/[0m
  [1m[36mActiveRecord::SchemaMigration Load (0.1ms)[0m  [1m[34mSELECT "schema_migrations"."version" FROM "schema_migrations" ORDER BY "schema_migrations"."version" ASC /*application='Recboxhome'*/[0m
Migrating to CreateRecipeIngredients (20250829092120)
  [1m[36mTRANSACTION (0.0ms)[0m  [1m[35mBEGIN immediate TRANSACTION /*application='Recboxhome'*/[0m
  [1m[35m (1.2ms)[0m  [1m[35mCREATE TABLE "recipe_ingredients" ("id" integer PRIMARY KEY AUTOINCREMENT NOT NULL, "recipe_id" integer NOT NULL, "ingredient_id" integer NOT NULL, "ingr_qty" varchar NOT NULL, "created_at" datetime(6) NOT NULL, "updated_at" datetime(6) NOT NULL, CONSTRAINT "fk_rails_176a228c1e"
FOREIGN KEY ("recipe_id")
  REFERENCES "recipes" ("id")
, CONSTRAINT "fk_rails_209d9afca6"
FOREIGN KEY ("ingredient_id")
  REFERENCES "ingredients" ("id")
) /*application='Recboxhome'*/[0m
  [1m[35m (0.1ms)[0m  [1m[35mCREATE INDEX "index_recipe_ingredients_on_recipe_id" ON "recipe_ingredients" ("recipe_id") /*application='Recboxhome'*/[0m
  [1m[35m (0.1ms)[0m  [1m[35mCREATE INDEX "index_recipe_ingredients_on_ingredient_id" ON "recipe_ingredients" ("ingredient_id") /*application='Recboxhome'*/[0m
  [1m[36mActiveRecord::SchemaMigration Create (0.2ms)[0m  [1m[32mINSERT INTO "schema_migrations" ("version") VALUES ('20250829092120') RETURNING "version" /*application='Recboxhome'*/[0m
  [1m[36mTRANSACTION (11.1ms)[0m  [1m[35mCOMMIT TRANSACTION /*application='Recboxhome'*/[0m
  [1m[36mActiveRecord::SchemaMigration Load (0.1ms)[0m  [1m[34mSELECT "schema_migrations"."version" FROM "schema_migrations" ORDER BY "schema_migrations"."version" ASC /*application='Recboxhome'*/[0m
  [1m[36mActiveRecord::InternalMetadata Load (3.0ms)[0m  [1m[34mSELECT * FROM "ar_internal_metadata" WHERE "ar_internal_metadata"."key" = 'environment' ORDER BY "ar_internal_metadata"."key" ASC LIMIT 1 /*application='Recboxhome'*/[0m
  [1m[36mActiveRecord::SchemaMigration Load (0.1ms)[0m  [1m[34mSELECT "schema_migrations"."version" FROM "schema_migrations" ORDER BY "schema_migrations"."version" ASC /*application='Recboxhome'*/[0m
Migrating to RemoveTestField1AndTestField2AndTestField3FromIngredients (20250830112232)
  [1m[36mTRANSACTION (0.1ms)[0m  [1m[35mBEGIN immediate TRANSACTION /*application='Recboxhome'*/[0m
  [1m[35mSQL (0.0ms)[0m  [1m[35mPRAGMA foreign_keys /*application='Recboxhome'*/[0m
  [1m[35mSQL (0.0ms)[0m  [1m[35mPRAGMA defer_foreign_keys /*application='Recboxhome'*/[0m
  [1m[35m (0.1ms)[0m  [1m[35mPRAGMA defer_foreign_keys = ON /*application='Recboxhome'*/[0m
  [1m[35m (0.0ms)[0m  [1m[35mPRAGMA foreign_keys = OFF /*application='Recboxhome'*/[0m
  [1m[35m (0.2ms)[0m  [1m[35mCREATE TEMPORARY TABLE "aingredients" ("id" integer PRIMARY KEY AUTOINCREMENT NOT NULL, "ingr_name" varchar NOT NULL, "test_field1" datetime(6) NOT NULL, "test_field2" varchar, "test_field3" varchar, "created_at" datetime(6) NOT NULL, "updated_at" datetime(6) NOT NULL) /*application='Recboxhome'*/[0m
  [1m[35mSQL (0.1ms)[0m  [1m[32mINSERT INTO "aingredients" ("id","ingr_name","test_field1","test_field2","test_field3","created_at","updated_at")
                     SELECT "id","ingr_name","test_field1","test_field2","test_field3","created_at","updated_at" FROM "ingredients" /*application='Recboxhome'*/[0m
  [1m[35m (0.2ms)[0m  [1m[35mDROP TABLE "ingredients" /*application='Recboxhome'*/[0m
  [1m[35m (0.1ms)[0m  [1m[35mCREATE TABLE "ingredients" ("id" integer PRIMARY KEY AUTOINCREMENT NOT NULL, "ingr_name" varchar NOT NULL, "test_field2" varchar, "test_field3" varchar, "created_at" datetime(6) NOT NULL, "updated_at" datetime(6) NOT NULL) /*application='Recboxhome'*/[0m
  [1m[35mSQL (0.1ms)[0m  [1m[32mINSERT INTO "ingredients" ("id","ingr_name","test_field2","test_field3","created_at","updated_at")
                     SELECT "id","ingr_name","test_field2","test_field3","created_at","updated_at" FROM "aingredients" /*application='Recboxhome'*/[0m
  [1m[35m (0.2ms)[0m  [1m[35mDROP TABLE "aingredients" /*application='Recboxhome'*/[0m
  [1m[35m (0.1ms)[0m  [1m[35mPRAGMA defer_foreign_keys = 0 /*application='Recboxhome'*/[0m
  [1m[35m (0.0ms)[0m  [1m[35mPRAGMA foreign_keys = 1 /*application='Recboxhome'*/[0m
  [1m[35mSQL (0.0ms)[0m  [1m[35mPRAGMA foreign_keys /*application='Recboxhome'*/[0m
  [1m[35mSQL (0.1ms)[0m  [1m[35mPRAGMA defer_foreign_keys /*application='Recboxhome'*/[0m
  [1m[35m (0.1ms)[0m  [1m[35mPRAGMA defer_foreign_keys = ON /*application='Recboxhome'*/[0m
  [1m[35m (0.0ms)[0m  [1m[35mPRAGMA foreign_keys = OFF /*application='Recboxhome'*/[0m
  [1m[35m (0.1ms)[0m  [1m[35mCREATE TEMPORARY TABLE "aingredients" ("id" integer PRIMARY KEY AUTOINCREMENT NOT NULL, "ingr_name" varchar NOT NULL, "test_field2" varchar, "test_field3" varchar, "created_at" datetime(6) NOT NULL, "updated_at" datetime(6) NOT NULL) /*application='Recboxhome'*/[0m
  [1m[35mSQL (0.1ms)[0m  [1m[32mINSERT INTO "aingredients" ("id","ingr_name","test_field2","test_field3","created_at","updated_at")
                     SELECT "id","ingr_name","test_field2","test_field3","created_at","updated_at" FROM "ingredients" /*application='Recboxhome'*/[0m
  [1m[35m (0.2ms)[0m  [1m[35mDROP TABLE "ingredients" /*application='Recboxhome'*/[0m
  [1m[35m (0.1ms)[0m  [1m[35mCREATE TABLE "ingredients" ("id" integer PRIMARY KEY AUTOINCREMENT NOT NULL, "ingr_name" varchar NOT NULL, "test_field3" varchar, "created_at" datetime(6) NOT NULL, "updated_at" datetime(6) NOT NULL) /*application='Recboxhome'*/[0m
  [1m[35mSQL (0.1ms)[0m  [1m[32mINSERT INTO "ingredients" ("id","ingr_name","test_field3","created_at","updated_at")
                     SELECT "id","ingr_name","test_field3","created_at","updated_at" FROM "aingredients" /*application='Recboxhome'*/[0m
  [1m[35m (0.2ms)[0m  [1m[35mDROP TABLE "aingredients" /*application='Recboxhome'*/[0m
  [1m[35m (0.1ms)[0m  [1m[35mPRAGMA defer_foreign_keys = 0 /*application='Recboxhome'*/[0m
  [1m[35m (0.0ms)[0m  [1m[35mPRAGMA foreign_keys = 1 /*application='Recboxhome'*/[0m
  [1m[35mSQL (0.0ms)[0m  [1m[35mPRAGMA foreign_keys /*application='Recboxhome'*/[0m
  [1m[35mSQL (0.1ms)[0m  [1m[35mPRAGMA defer_foreign_keys /*application='Recboxhome'*/[0m
  [1m[35m (0.1ms)[0m  [1m[35mPRAGMA defer_foreign_keys = ON /*application='Recboxhome'*/[0m
  [1m[35m (0.0ms)[0m  [1m[35mPRAGMA foreign_keys = OFF /*application='Recboxhome'*/[0m
  [1m[35m (0.1ms)[0m  [1m[35mCREATE TEMPORARY TABLE "aingredients" ("id" integer PRIMARY KEY AUTOINCREMENT NOT NULL, "ingr_name" varchar NOT NULL, "test_field3" varchar, "created_at" datetime(6) NOT NULL, "updated_at" datetime(6) NOT NULL) /*application='Recboxhome'*/[0m
  [1m[35mSQL (0.1ms)[0m  [1m[32mINSERT INTO "aingredients" ("id","ingr_name","test_field3","created_at","updated_at")
                     SELECT "id","ingr_name","test_field3","created_at","updated_at" FROM "ingredients" /*application='Recboxhome'*/[0m
  [1m[35m (0.2ms)[0m  [1m[35mDROP TABLE "ingredients" /*application='Recboxhome'*/[0m
  [1m[35m (0.1ms)[0m  [1m[35mCREATE TABLE "ingredients" ("id" integer PRIMARY KEY AUTOINCREMENT NOT NULL, "ingr_name" varchar NOT NULL, "created_at" datetime(6) NOT NULL, "updated_at" datetime(6) NOT NULL) /*application='Recboxhome'*/[0m
  [1m[35mSQL (0.1ms)[0m  [1m[32mINSERT INTO "ingredients" ("id","ingr_name","created_at","updated_at")
                     SELECT "id","ingr_name","created_at","updated_at" FROM "aingredients" /*application='Recboxhome'*/[0m
  [1m[35m (0.1ms)[0m  [1m[35mDROP TABLE "aingredients" /*application='Recboxhome'*/[0m
  [1m[35m (0.0ms)[0m  [1m[35mPRAGMA defer_foreign_keys = 0 /*application='Recboxhome'*/[0m
  [1m[35m (0.0ms)[0m  [1m[35mPRAGMA foreign_keys = 1 /*application='Recboxhome'*/[0m
  [1m[36mActiveRecord::SchemaMigration Create (0.1ms)[0m  [1m[32mINSERT INTO "schema_migrations" ("version") VALUES ('20250830112232') RETURNING "version" /*application='Recboxhome'*/[0m
  [1m[36mTRANSACTION (8.5ms)[0m  [1m[35mCOMMIT TRANSACTION /*application='Recboxhome'*/[0m
  [1m[36mActiveRecord::SchemaMigration Load (0.1ms)[0m  [1m[34mSELECT "schema_migrations"."version" FROM "schema_migrations" ORDER BY "schema_migrations"."version" ASC /*application='Recboxhome'*/[0m
  [1m[36mActiveRecord::SchemaMigration Load (0.1ms)[0m  [1m[34mSELECT "schema_migrations"."version" FROM "schema_migrations" ORDER BY "schema_migrations"."version" ASC /*application='Recboxhome'*/[0m
  [1m[36mActiveRecord::SchemaMigration Load (0.1ms)[0m  [1m[34mSELECT "schema_migrations"."version" FROM "schema_migrations" ORDER BY "schema_migrations"."version" ASC /*application='Recboxhome'*/[0m
  [1m[36mActiveRecord::SchemaMigration Load (0.1ms)[0m  [1m[34mSELECT "schema_migrations"."version" FROM "schema_migrations" ORDER BY "schema_migrations"."version" ASC /*application='Recboxhome'*/[0m
  [1m[36mActiveRecord::SchemaMigration Load (0.1ms)[0m  [1m[34mSELECT "schema_migrations"."version" FROM "schema_migrations" ORDER BY "schema_migrations"."version" ASC /*application='Recboxhome'*/[0m
Migrating to RemoveTestField1AndTestField2AndTestField3FromIngredients (20250830112232)
  [1m[36mTRANSACTION (0.0ms)[0m  [1m[35mBEGIN immediate TRANSACTION /*application='Recboxhome'*/[0m
  [1m[35m (1.6ms)[0m  [1m[35mALTER TABLE "ingredients" ADD "test_field3" varchar /*application='Recboxhome'*/[0m
  [1m[35m (0.3ms)[0m  [1m[35mALTER TABLE "ingredients" ADD "test_field2" varchar /*application='Recboxhome'*/[0m
  [1m[35m (0.3ms)[0m  [1m[35mALTER TABLE "ingredients" ADD "test_field1" datetime(6) /*application='Recboxhome'*/[0m
  [1m[36mActiveRecord::SchemaMigration Destroy (0.1ms)[0m  [1m[31mDELETE FROM "schema_migrations" WHERE "schema_migrations"."version" = '20250830112232' /*application='Recboxhome'*/[0m
  [1m[36mTRANSACTION (6.3ms)[0m  [1m[35mCOMMIT TRANSACTION /*application='Recboxhome'*/[0m
Migrating to CreateRecipeIngredients (20250829092120)
  [1m[36mTRANSACTION (0.0ms)[0m  [1m[35mBEGIN immediate TRANSACTION /*application='Recboxhome'*/[0m
  [1m[35m (1.4ms)[0m  [1m[35mDROP TABLE "recipe_ingredients" /*application='Recboxhome'*/[0m
  [1m[36mActiveRecord::SchemaMigration Destroy (0.0ms)[0m  [1m[31mDELETE FROM "schema_migrations" WHERE "schema_migrations"."version" = '20250829092120' /*application='Recboxhome'*/[0m
  [1m[36mTRANSACTION (0.1ms)[0m  [1m[35mCOMMIT TRANSACTION /*application='Recboxhome'*/[0m
Migrating to CreateIngredients (20250829091349)
  [1m[36mTRANSACTION (0.0ms)[0m  [1m[35mBEGIN immediate TRANSACTION /*application='Recboxhome'*/[0m
  [1m[35m (1.7ms)[0m  [1m[35mDROP TABLE "ingredients" /*application='Recboxhome'*/[0m
  [1m[36mActiveRecord::SchemaMigration Destroy (0.1ms)[0m  [1m[31mDELETE FROM "schema_migrations" WHERE "schema_migrations"."version" = '20250829091349' /*application='Recboxhome'*/[0m
  [1m[36mTRANSACTION (0.2ms)[0m  [1m[35mCOMMIT TRANSACTION /*application='Recboxhome'*/[0m
  [1m[36mActiveRecord::SchemaMigration Load (0.1ms)[0m  [1m[34mSELECT "schema_migrations"."version" FROM "schema_migrations" ORDER BY "schema_migrations"."version" ASC /*application='Recboxhome'*/[0m
  [1m[36mActiveRecord::InternalMetadata Load (0.1ms)[0m  [1m[34mSELECT * FROM "ar_internal_metadata" WHERE "ar_internal_metadata"."key" = 'environment' ORDER BY "ar_internal_metadata"."key" ASC LIMIT 1 /*application='Recboxhome'*/[0m
  [1m[36mActiveRecord::SchemaMigration Load (0.1ms)[0m  [1m[34mSELECT "schema_migrations"."version" FROM "schema_migrations" ORDER BY "schema_migrations"."version" ASC /*application='Recboxhome'*/[0m
Migrating to CreateIngredients (20250829091349)
  [1m[36mTRANSACTION (0.0ms)[0m  [1m[35mBEGIN immediate TRANSACTION /*application='Recboxhome'*/[0m
  [1m[35m (1.2ms)[0m  [1m[35mCREATE TABLE "ingredients" ("id" integer PRIMARY KEY AUTOINCREMENT NOT NULL, "ingr_name" varchar NOT NULL, "created_at" datetime(6) NOT NULL, "updated_at" datetime(6) NOT NULL) /*application='Recboxhome'*/[0m
  [1m[36mActiveRecord::SchemaMigration Create (0.1ms)[0m  [1m[32mINSERT INTO "schema_migrations" ("version") VALUES ('20250829091349') RETURNING "version" /*application='Recboxhome'*/[0m
  [1m[36mTRANSACTION (7.7ms)[0m  [1m[35mCOMMIT TRANSACTION /*application='Recboxhome'*/[0m
Migrating to CreateRecipeIngredients (20250829092120)
  [1m[36mTRANSACTION (0.1ms)[0m  [1m[35mBEGIN immediate TRANSACTION /*application='Recboxhome'*/[0m
  [1m[35m (1.7ms)[0m  [1m[35mCREATE TABLE "recipe_ingredients" ("id" integer PRIMARY KEY AUTOINCREMENT NOT NULL, "recipe_id" integer NOT NULL, "ingredient_id" integer NOT NULL, "ingr_qty" varchar NOT NULL, "created_at" datetime(6) NOT NULL, "updated_at" datetime(6) NOT NULL, CONSTRAINT "fk_rails_176a228c1e"
FOREIGN KEY ("recipe_id")
  REFERENCES "recipes" ("id")
, CONSTRAINT "fk_rails_209d9afca6"
FOREIGN KEY ("ingredient_id")
  REFERENCES "ingredients" ("id")
) /*application='Recboxhome'*/[0m
  [1m[35m (0.2ms)[0m  [1m[35mCREATE INDEX "index_recipe_ingredients_on_recipe_id" ON "recipe_ingredients" ("recipe_id") /*application='Recboxhome'*/[0m
  [1m[35m (0.1ms)[0m  [1m[35mCREATE INDEX "index_recipe_ingredients_on_ingredient_id" ON "recipe_ingredients" ("ingredient_id") /*application='Recboxhome'*/[0m
  [1m[36mActiveRecord::SchemaMigration Create (0.2ms)[0m  [1m[32mINSERT INTO "schema_migrations" ("version") VALUES ('20250829092120') RETURNING "version" /*application='Recboxhome'*/[0m
  [1m[36mTRANSACTION (0.2ms)[0m  [1m[35mCOMMIT TRANSACTION /*application='Recboxhome'*/[0m
  [1m[36mActiveRecord::SchemaMigration Load (0.1ms)[0m  [1m[34mSELECT "schema_migrations"."version" FROM "schema_migrations" ORDER BY "schema_migrations"."version" ASC /*application='Recboxhome'*/[0m
  [1m[36mTRANSACTION (0.1ms)[0m  [1m[35mBEGIN immediate TRANSACTION /*application='Recboxhome'*/[0m
  [1m[36mUser Create (0.9ms)[0m  [1m[32mINSERT INTO "users" ("fname", "lname", "email", "password_digest", "is_admin", "status", "created_at", "updated_at") VALUES ('Jay', 'Cutler', 'jcutler@recipebox.com', '$2a$12$KJvVsf5YcLBRu9W6C20YQeQFc6E6OIZTpFLllIaExasxmW22Ro5w.', 1, 'Active', '2025-08-30 11:45:04.272485', '2025-08-30 11:45:04.272485') RETURNING "id" /*application='Recboxhome'*/[0m
  [1m[36mTRANSACTION (6.6ms)[0m  [1m[35mCOMMIT TRANSACTION /*application='Recboxhome'*/[0m
  [1m[36mTRANSACTION (0.1ms)[0m  [1m[35mBEGIN immediate TRANSACTION /*application='Recboxhome'*/[0m
  [1m[36mUser Create (1.5ms)[0m  [1m[32mINSERT INTO "users" ("fname", "lname", "email", "password_digest", "is_admin", "status", "created_at", "updated_at") VALUES ('Frank', 'Zane', 'fzane@email.com', '$2a$12$blyNOt83ohLslHR70JYVVu2uHJ2ugwmGY1lXkxe4DpMjg5o2ydl0G', 0, 'Active', '2025-08-30 11:50:22.083273', '2025-08-30 11:50:22.083273') RETURNING "id" /*application='Recboxhome'*/[0m
  [1m[36mTRANSACTION (6.6ms)[0m  [1m[35mCOMMIT TRANSACTION /*application='Recboxhome'*/[0m
